{"C:\\Users\\ferna\\Documents\\repo\\scrim-project-back\\src\\controllers\\user\\post.js": {"path":"C:\\Users\\ferna\\Documents\\repo\\scrim-project-back\\src\\controllers\\user\\post.js","statementMap":{"0":{"start":{"line":1,"column":26},"end":{"line":1,"column":51}},"1":{"start":{"line":2,"column":30},"end":{"line":2,"column":61}},"2":{"start":{"line":3,"column":29},"end":{"line":3,"column":47}},"3":{"start":{"line":5,"column":0},"end":{"line":5,"column":23}},"4":{"start":{"line":6,"column":0},"end":{"line":6,"column":24}},"5":{"start":{"line":7,"column":0},"end":{"line":7,"column":60}},"6":{"start":{"line":8,"column":0},"end":{"line":28,"column":2}},"7":{"start":{"line":8,"column":30},"end":{"line":28,"column":1}},"8":{"start":{"line":9,"column":46},"end":{"line":9,"column":54}},"9":{"start":{"line":11,"column":2},"end":{"line":15,"column":3}},"10":{"start":{"line":12,"column":4},"end":{"line":14,"column":68}},"11":{"start":{"line":17,"column":15},"end":{"line":22,"column":4}},"12":{"start":{"line":24,"column":2},"end":{"line":27,"column":5}}},"fnMap":{"0":{"name":"(anonymous_0)","decl":{"start":{"line":8,"column":18},"end":{"line":8,"column":19}},"loc":{"start":{"line":8,"column":30},"end":{"line":28,"column":1}},"line":8},"1":{"name":"(anonymous_1)","decl":{"start":{"line":8,"column":30},"end":{"line":8,"column":31}},"loc":{"start":{"line":8,"column":50},"end":{"line":28,"column":1}},"line":8}},"branchMap":{"0":{"loc":{"start":{"line":11,"column":2},"end":{"line":15,"column":3}},"type":"if","locations":[{"start":{"line":11,"column":2},"end":{"line":15,"column":3}},{"start":{},"end":{}}],"line":11}},"s":{"0":1,"1":1,"2":1,"3":1,"4":1,"5":1,"6":1,"7":1,"8":1,"9":1,"10":0,"11":1,"12":1},"f":{"0":1,"1":1},"b":{"0":[0,1]},"_coverageSchema":"1a1c01bbd47fc00a2c39e90264f33305004495a9","hash":"f4409c3ada8991e4f7bd5ddd396758b4c5f5c5bb"}
,"C:\\Users\\ferna\\Documents\\repo\\scrim-project-back\\src\\controllers\\user\\rules.js": {"path":"C:\\Users\\ferna\\Documents\\repo\\scrim-project-back\\src\\controllers\\user\\rules.js","statementMap":{"0":{"start":{"line":1,"column":17},"end":{"line":1,"column":45}},"1":{"start":{"line":3,"column":0},"end":{"line":7,"column":2}}},"fnMap":{},"branchMap":{},"s":{"0":1,"1":1},"f":{},"b":{},"_coverageSchema":"1a1c01bbd47fc00a2c39e90264f33305004495a9","hash":"3deb48b70203f03ba4234a0ebd90dbf54e76ed17"}
,"C:\\Users\\ferna\\Documents\\repo\\scrim-project-back\\src\\util\\controllerHandler.js": {"path":"C:\\Users\\ferna\\Documents\\repo\\scrim-project-back\\src\\util\\controllerHandler.js","statementMap":{"0":{"start":{"line":4,"column":0},"end":{"line":14,"column":2}},"1":{"start":{"line":4,"column":44},"end":{"line":14,"column":1}},"2":{"start":{"line":5,"column":2},"end":{"line":13,"column":3}},"3":{"start":{"line":6,"column":4},"end":{"line":6,"column":37}},"4":{"start":{"line":8,"column":4},"end":{"line":10,"column":5}},"5":{"start":{"line":9,"column":6},"end":{"line":9,"column":27}},"6":{"start":{"line":12,"column":4},"end":{"line":12,"column":76}}},"fnMap":{"0":{"name":"(anonymous_0)","decl":{"start":{"line":4,"column":28},"end":{"line":4,"column":29}},"loc":{"start":{"line":4,"column":44},"end":{"line":14,"column":1}},"line":4},"1":{"name":"(anonymous_1)","decl":{"start":{"line":4,"column":44},"end":{"line":4,"column":45}},"loc":{"start":{"line":4,"column":70},"end":{"line":14,"column":1}},"line":4}},"branchMap":{"0":{"loc":{"start":{"line":8,"column":4},"end":{"line":10,"column":5}},"type":"if","locations":[{"start":{"line":8,"column":4},"end":{"line":10,"column":5}},{"start":{},"end":{}}],"line":8}},"s":{"0":1,"1":1,"2":0,"3":0,"4":0,"5":0,"6":0},"f":{"0":1,"1":0},"b":{"0":[0,0]},"_coverageSchema":"1a1c01bbd47fc00a2c39e90264f33305004495a9","hash":"bdc1cf0abc4efbaa4f0211c2f1a2e606e81c33d8"}
,"C:\\Users\\ferna\\Documents\\repo\\scrim-project-back\\src\\util\\jwt.js": {"path":"C:\\Users\\ferna\\Documents\\repo\\scrim-project-back\\src\\util\\jwt.js","statementMap":{"0":{"start":{"line":1,"column":12},"end":{"line":1,"column":35}},"1":{"start":{"line":2,"column":30},"end":{"line":2,"column":60}},"2":{"start":{"line":4,"column":47},"end":{"line":4,"column":58}},"3":{"start":{"line":6,"column":20},"end":{"line":6,"column":62}},"4":{"start":{"line":6,"column":31},"end":{"line":6,"column":62}},"5":{"start":{"line":8,"column":0},"end":{"line":22,"column":2}},"6":{"start":{"line":9,"column":2},"end":{"line":21,"column":3}},"7":{"start":{"line":10,"column":4},"end":{"line":16,"column":5}},"8":{"start":{"line":15,"column":6},"end":{"line":15,"column":19}},"9":{"start":{"line":18,"column":4},"end":{"line":18,"column":36}},"10":{"start":{"line":20,"column":4},"end":{"line":20,"column":17}},"11":{"start":{"line":24,"column":0},"end":{"line":42,"column":3}},"12":{"start":{"line":25,"column":21},"end":{"line":25,"column":48}},"13":{"start":{"line":26,"column":2},"end":{"line":26,"column":67}},"14":{"start":{"line":26,"column":19},"end":{"line":26,"column":67}},"15":{"start":{"line":27,"column":28},"end":{"line":27,"column":49}},"16":{"start":{"line":28,"column":2},"end":{"line":33,"column":3}},"17":{"start":{"line":32,"column":4},"end":{"line":32,"column":58}},"18":{"start":{"line":35,"column":25},"end":{"line":35,"column":71}},"19":{"start":{"line":36,"column":2},"end":{"line":38,"column":3}},"20":{"start":{"line":37,"column":4},"end":{"line":37,"column":51}},"21":{"start":{"line":40,"column":2},"end":{"line":40,"column":34}},"22":{"start":{"line":41,"column":2},"end":{"line":41,"column":16}},"23":{"start":{"line":45,"column":0},"end":{"line":47,"column":2}},"24":{"start":{"line":46,"column":2},"end":{"line":46,"column":77}}},"fnMap":{"0":{"name":"(anonymous_0)","decl":{"start":{"line":6,"column":20},"end":{"line":6,"column":21}},"loc":{"start":{"line":6,"column":31},"end":{"line":6,"column":62}},"line":6},"1":{"name":"(anonymous_1)","decl":{"start":{"line":8,"column":24},"end":{"line":8,"column":25}},"loc":{"start":{"line":8,"column":41},"end":{"line":22,"column":1}},"line":8},"2":{"name":"(anonymous_2)","decl":{"start":{"line":24,"column":50},"end":{"line":24,"column":51}},"loc":{"start":{"line":24,"column":76},"end":{"line":42,"column":1}},"line":24},"3":{"name":"(anonymous_3)","decl":{"start":{"line":45,"column":24},"end":{"line":45,"column":25}},"loc":{"start":{"line":45,"column":36},"end":{"line":47,"column":1}},"line":45}},"branchMap":{"0":{"loc":{"start":{"line":10,"column":4},"end":{"line":16,"column":5}},"type":"if","locations":[{"start":{"line":10,"column":4},"end":{"line":16,"column":5}},{"start":{},"end":{}}],"line":10},"1":{"loc":{"start":{"line":26,"column":2},"end":{"line":26,"column":67}},"type":"if","locations":[{"start":{"line":26,"column":2},"end":{"line":26,"column":67}},{"start":{},"end":{}}],"line":26},"2":{"loc":{"start":{"line":28,"column":2},"end":{"line":33,"column":3}},"type":"if","locations":[{"start":{"line":28,"column":2},"end":{"line":33,"column":3}},{"start":{},"end":{}}],"line":28},"3":{"loc":{"start":{"line":29,"column":4},"end":{"line":30,"column":43}},"type":"binary-expr","locations":[{"start":{"line":29,"column":4},"end":{"line":29,"column":34}},{"start":{"line":30,"column":4},"end":{"line":30,"column":43}}],"line":29},"4":{"loc":{"start":{"line":36,"column":2},"end":{"line":38,"column":3}},"type":"if","locations":[{"start":{"line":36,"column":2},"end":{"line":38,"column":3}},{"start":{},"end":{}}],"line":36}},"s":{"0":1,"1":1,"2":1,"3":1,"4":0,"5":1,"6":0,"7":0,"8":0,"9":0,"10":0,"11":1,"12":0,"13":0,"14":0,"15":0,"16":0,"17":0,"18":0,"19":0,"20":0,"21":0,"22":0,"23":1,"24":1},"f":{"0":0,"1":0,"2":0,"3":1},"b":{"0":[0,0],"1":[0,0],"2":[0,0],"3":[0,0],"4":[0,0]},"_coverageSchema":"1a1c01bbd47fc00a2c39e90264f33305004495a9","hash":"d0a901cdadd77daed83add2998e43e607a7afa48"}
,"C:\\Users\\ferna\\Documents\\repo\\scrim-project-back\\src\\util\\validator.js": {"path":"C:\\Users\\ferna\\Documents\\repo\\scrim-project-back\\src\\util\\validator.js","statementMap":{"0":{"start":{"line":1,"column":29},"end":{"line":1,"column":57}},"1":{"start":{"line":3,"column":23},"end":{"line":14,"column":1}},"2":{"start":{"line":4,"column":19},"end":{"line":4,"column":21}},"3":{"start":{"line":5,"column":2},"end":{"line":12,"column":5}},"4":{"start":{"line":6,"column":4},"end":{"line":11,"column":5}},"5":{"start":{"line":6,"column":30},"end":{"line":6,"column":55}},"6":{"start":{"line":7,"column":6},"end":{"line":10,"column":9}},"7":{"start":{"line":13,"column":2},"end":{"line":13,"column":18}},"8":{"start":{"line":16,"column":0},"end":{"line":22,"column":2}},"9":{"start":{"line":17,"column":17},"end":{"line":17,"column":38}},"10":{"start":{"line":18,"column":2},"end":{"line":20,"column":3}},"11":{"start":{"line":19,"column":4},"end":{"line":19,"column":76}},"12":{"start":{"line":21,"column":2},"end":{"line":21,"column":16}}},"fnMap":{"0":{"name":"(anonymous_0)","decl":{"start":{"line":3,"column":23},"end":{"line":3,"column":24}},"loc":{"start":{"line":3,"column":35},"end":{"line":14,"column":1}},"line":3},"1":{"name":"(anonymous_1)","decl":{"start":{"line":5,"column":17},"end":{"line":5,"column":18}},"loc":{"start":{"line":5,"column":28},"end":{"line":12,"column":3}},"line":5},"2":{"name":"(anonymous_2)","decl":{"start":{"line":6,"column":23},"end":{"line":6,"column":24}},"loc":{"start":{"line":6,"column":30},"end":{"line":6,"column":55}},"line":6},"3":{"name":"(anonymous_3)","decl":{"start":{"line":16,"column":28},"end":{"line":16,"column":29}},"loc":{"start":{"line":16,"column":48},"end":{"line":22,"column":1}},"line":16}},"branchMap":{"0":{"loc":{"start":{"line":6,"column":4},"end":{"line":11,"column":5}},"type":"if","locations":[{"start":{"line":6,"column":4},"end":{"line":11,"column":5}},{"start":{},"end":{}}],"line":6},"1":{"loc":{"start":{"line":18,"column":2},"end":{"line":20,"column":3}},"type":"if","locations":[{"start":{"line":18,"column":2},"end":{"line":20,"column":3}},{"start":{},"end":{}}],"line":18}},"s":{"0":1,"1":1,"2":0,"3":0,"4":0,"5":0,"6":0,"7":0,"8":1,"9":0,"10":0,"11":0,"12":0},"f":{"0":0,"1":0,"2":0,"3":0},"b":{"0":[0,0],"1":[0,0]},"_coverageSchema":"1a1c01bbd47fc00a2c39e90264f33305004495a9","hash":"c31a76dcf8da57f1b73775231e1f01bcb983701e"}
,"C:\\Users\\ferna\\Documents\\repo\\scrim-project-back\\test\\mocks\\user.mock.js": {"path":"C:\\Users\\ferna\\Documents\\repo\\scrim-project-back\\test\\mocks\\user.mock.js","statementMap":{"0":{"start":{"line":1,"column":0},"end":{"line":13,"column":2}},"1":{"start":{"line":3,"column":32},"end":{"line":3,"column":37}},"2":{"start":{"line":4,"column":58},"end":{"line":11,"column":5}}},"fnMap":{"0":{"name":"(anonymous_0)","decl":{"start":{"line":3,"column":21},"end":{"line":3,"column":22}},"loc":{"start":{"line":3,"column":32},"end":{"line":3,"column":37}},"line":3},"1":{"name":"(anonymous_1)","decl":{"start":{"line":4,"column":16},"end":{"line":4,"column":17}},"loc":{"start":{"line":4,"column":58},"end":{"line":11,"column":5}},"line":4}},"branchMap":{},"s":{"0":1,"1":1,"2":1},"f":{"0":1,"1":1},"b":{},"_coverageSchema":"1a1c01bbd47fc00a2c39e90264f33305004495a9","hash":"c091e923d45695131980f4f91791f53414d43f00"}
}
